<?xml version="1.0" encoding="UTF-8"?>
<!-- Generated by org.testng.reporters.JUnitXMLReporter -->
<testsuite ignored="2" hostname="ORTTXN0813" failures="0" tests="1" name="Default test" time="13.147" errors="0" timestamp="2025-08-19T15:07:45 SGT">
  <testcase classname="PsslaiMerchantV3.Tests.DepositTest" name="onlineDeposit" time="8.031"/>
  <testcase classname="PsslaiMerchantV3.Tests.DepositTest" name="manualDeposit" time="0.0">
    <ignored/>
  </testcase> <!-- manualDeposit -->
  <testcase classname="PsslaiMerchantV3.Tests.DepositTest" name="verifyManualDepositTransaction" time="0.0">
    <ignored/>
  </testcase> <!-- verifyManualDepositTransaction -->
</testsuite> <!-- Default test -->
