<?xml version="1.0" encoding="UTF-8"?>
<!-- Generated by org.testng.reporters.JUnitXMLReporter -->
<testsuite ignored="0" hostname="ORTTXN0813" failures="0" tests="11" name="Test" time="93.651" errors="0" timestamp="2025-08-20T14:44:27 SGT">
  <testcase classname="PsslaiMerchantV3.Tests.LoginTest" name="loginValidCreds" time="2.501"/>
  <testcase classname="PsslaiMerchantV3.Tests.MemberTest" name="downloadMemberList" time="3.883"/>
  <testcase classname="PsslaiMerchantV3.Tests.MemberTest" name="viewMemberList" time="2.929"/>
  <testcase classname="PsslaiMerchantV3.Tests.DepositTest" name="manualDeposit" time="5.748"/>
  <testcase classname="PsslaiMerchantV3.Tests.DepositTest" name="onlineDeposit" time="7.483"/>
  <testcase classname="PsslaiMerchantV3.Tests.DepositTest" name="verifyManualDepositTransaction" time="3.696"/>
  <testcase classname="PsslaiMerchantV3.Tests.WithdrawalTest" name="withdrawalInstapay" time="5.189"/>
  <testcase classname="PsslaiMerchantV3.Tests.WithdrawalTest" name="withdrawalInstapayLinkedAccounts" time="4.606"/>
  <testcase classname="PsslaiMerchantV3.Tests.WithdrawalTest" name="withdrawalPesonet" time="5.371"/>
  <testcase classname="PsslaiMerchantV3.Tests.WithdrawalTest" name="withdrawalPesonetLinkedAccounts" time="5.099"/>
  <testcase classname="PsslaiMerchantV3.Tests.DisbursementTest" name="bulkDisbursementTransaction" time="4.939"/>
</testsuite> <!-- Test -->
